# JRE version: OpenJDK Runtime Environment (17.0.1+12) (build 17.0.1+12-39)
# Java VM: OpenJDK 64-Bit Server VM (17.0.1+12-39, mixed mode, sharing, tiered, compressed oops, compressed class ptrs, g1 gc, windows-amd64)
GC Precious Log:
 CPUs: 4 total, 4 available
 Memory: 3818M
 Large Page Support: Disabled
 NUMA Support: Disabled
 Compressed Oops: Enabled (32-bit)
 Heap Region Size: 1M
 Heap Min Capacity: 8M
 Heap Initial Capacity: 60M
 Heap Max Capacity: 956M
 Pre-touch: Disabled
 Parallel Workers: 4
 Concurrent Workers: 1
 Concurrent Refinement Workers: 4
 Periodic GC: Disabled
Heap:
 garbage-first heap   total 91136K, used 48034K [0x00000000c4400000, 0x0000000100000000)
  region size 1024K, 2 young (2048K), 2 survivors (2048K)
 Metaspace       used 60736K, committed 61120K, reserved 1105920K
  class space    used 7993K, committed 8192K, reserved 1048576K
GC Heap History (20 events):
Event: 19.392 GC heap after
{Heap after GC invocations=15 (full 0):
 garbage-first heap   total 61440K, used 18816K [0x00000000c4400000, 0x0000000100000000)
  region size 1024K, 2 young (2048K), 2 survivors (2048K)
 Metaspace       used 35724K, committed 35968K, reserved 1081344K
  class space    used 4757K, committed 4864K, reserved 1048576K
}
Event: 23.612 GC heap before
{Heap before GC invocations=16 (full 0):
 garbage-first heap   total 61440K, used 50560K [0x00000000c4400000, 0x0000000100000000)
  region size 1024K, 33 young (33792K), 2 survivors (2048K)
 Metaspace       used 43898K, committed 44224K, reserved 1089536K
  class space    used 5743K, committed 5888K, reserved 1048576K
}
Event: 23.630 GC heap after
{Heap after GC invocations=17 (full 0):
 garbage-first heap   total 61440K, used 21724K [0x00000000c4400000, 0x0000000100000000)
  region size 1024K, 5 young (5120K), 5 survivors (5120K)
 Metaspace       used 43898K, committed 44224K, reserved 1089536K
  class space    used 5743K, committed 5888K, reserved 1048576K
}
Event: 25.442 GC heap before
{Heap before GC invocations=18 (full 0):
 garbage-first heap   total 61440K, used 49372K [0x00000000c4400000, 0x0000000100000000)
  region size 1024K, 32 young (32768K), 5 survivors (5120K)
 Metaspace       used 49639K, committed 49920K, reserved 1097728K
  class space    used 6620K, committed 6784K, reserved 1048576K
}
Event: 25.470 GC heap after
{Heap after GC invocations=19 (full 0):
 garbage-first heap   total 61440K, used 23325K [0x00000000c4400000, 0x0000000100000000)
  region size 1024K, 2 young (2048K), 2 survivors (2048K)
 Metaspace       used 49639K, committed 49920K, reserved 1097728K
  class space    used 6620K, committed 6784K, reserved 1048576K
}
Event: 27.308 GC heap before
{Heap before GC invocations=19 (full 0):
 garbage-first heap   total 61440K, used 48925K [0x00000000c4400000, 0x0000000100000000)
  region size 1024K, 27 young (27648K), 2 survivors (2048K)
 Metaspace       used 54174K, committed 54528K, reserved 1097728K
  class space    used 7195K, committed 7360K, reserved 1048576K
}
Event: 27.313 GC heap after
{Heap after GC invocations=20 (full 0):
 garbage-first heap   total 61440K, used 24525K [0x00000000c4400000, 0x0000000100000000)
  region size 1024K, 3 young (3072K), 3 survivors (3072K)
 Metaspace       used 54174K, committed 54528K, reserved 1097728K
  class space    used 7195K, committed 7360K, reserved 1048576K
}
Event: 27.967 GC heap before
{Heap before GC invocations=20 (full 0):
 garbage-first heap   total 61440K, used 49101K [0x00000000c4400000, 0x0000000100000000)
  region size 1024K, 27 young (27648K), 3 survivors (3072K)
 Metaspace       used 57230K, committed 57536K, reserved 1105920K
  class space    used 7581K, committed 7744K, reserved 1048576K
}
Event: 27.975 GC heap after
{Heap after GC invocations=21 (full 0):
 garbage-first heap   total 61440K, used 25963K [0x00000000c4400000, 0x0000000100000000)
  region size 1024K, 4 young (4096K), 4 survivors (4096K)
 Metaspace       used 57230K, committed 57536K, reserved 1105920K
  class space    used 7581K, committed 7744K, reserved 1048576K
}
Event: 28.795 GC heap before
{Heap before GC invocations=21 (full 0):
 garbage-first heap   total 61440K, used 49515K [0x00000000c4400000, 0x0000000100000000)
  region size 1024K, 27 young (27648K), 4 survivors (4096K)
 Metaspace       used 58439K, committed 58752K, reserved 1105920K
  class space    used 7735K, committed 7872K, reserved 1048576K
}
Event: 28.807 GC heap after
{Heap after GC invocations=22 (full 0):
 garbage-first heap   total 61440K, used 27601K [0x00000000c4400000, 0x0000000100000000)
  region size 1024K, 3 young (3072K), 3 survivors (3072K)
 Metaspace       used 58439K, committed 58752K, reserved 1105920K
  class space    used 7735K, committed 7872K, reserved 1048576K
}
Event: 29.727 GC heap before
{Heap before GC invocations=22 (full 0):
 garbage-first heap   total 61440K, used 51153K [0x00000000c4400000, 0x0000000100000000)
  region size 1024K, 25 young (25600K), 3 survivors (3072K)
 Metaspace       used 60510K, committed 60864K, reserved 1105920K
  class space    used 7983K, committed 8128K, reserved 1048576K
}
Event: 29.738 GC heap after
{Heap after GC invocations=23 (full 0):
 garbage-first heap   total 73728K, used 31937K [0x00000000c4400000, 0x0000000100000000)
  region size 1024K, 4 young (4096K), 4 survivors (4096K)
 Metaspace       used 60510K, committed 60864K, reserved 1105920K
  class space    used 7983K, committed 8128K, reserved 1048576K
}
Event: 29.864 GC heap before
{Heap before GC invocations=23 (full 0):
 garbage-first heap   total 73728K, used 57537K [0x00000000c4400000, 0x0000000100000000)
  region size 1024K, 29 young (29696K), 4 survivors (4096K)
 Metaspace       used 60565K, committed 60928K, reserved 1105920K
  class space    used 7984K, committed 8128K, reserved 1048576K
}
Event: 29.876 GC heap after
{Heap after GC invocations=24 (full 0):
 garbage-first heap   total 73728K, used 39232K [0x00000000c4400000, 0x0000000100000000)
  region size 1024K, 4 young (4096K), 4 survivors (4096K)
 Metaspace       used 60565K, committed 60928K, reserved 1105920K
  class space    used 7984K, committed 8128K, reserved 1048576K
}
Event: 30.117 GC heap before
{Heap before GC invocations=24 (full 0):
 garbage-first heap   total 73728K, used 51520K [0x00000000c4400000, 0x0000000100000000)
  region size 1024K, 17 young (17408K), 4 survivors (4096K)
 Metaspace       used 60721K, committed 61120K, reserved 1105920K
  class space    used 7994K, committed 8192K, reserved 1048576K
}
Event: 30.155 GC heap after
{Heap after GC invocations=25 (full 0):
 garbage-first heap   total 73728K, used 42037K [0x00000000c4400000, 0x0000000100000000)
  region size 1024K, 3 young (3072K), 3 survivors (3072K)
 Metaspace       used 60721K, committed 61120K, reserved 1105920K
  class space    used 7994K, committed 8192K, reserved 1048576K
}
Event: 30.265 GC heap before
{Heap before GC invocations=25 (full 0):
 garbage-first heap   total 73728K, used 56373K [0x00000000c4400000, 0x0000000100000000)
  region size 1024K, 16 young (16384K), 3 survivors (3072K)
 Metaspace       used 60732K, committed 61120K, reserved 1105920K
  class space    used 7994K, committed 8192K, reserved 1048576K
}
Event: 30.268 GC heap after
{Heap after GC invocations=26 (full 0):
 garbage-first heap   total 73728K, used 45515K [0x00000000c4400000, 0x0000000100000000)
  region size 1024K, 2 young (2048K), 2 survivors (2048K)
 Metaspace       used 60732K, committed 61120K, reserved 1105920K
  class space    used 7994K, committed 8192K, reserved 1048576K
}
Event: 30.599 GC heap before
{Heap before GC invocations=26 (full 0):
 garbage-first heap   total 91136K, used 56779K [0x00000000c4400000, 0x0000000100000000)
  region size 1024K, 14 young (14336K), 2 survivors (2048K)
 Metaspace       used 60736K, committed 61120K, reserved 1105920K
  class space    used 7993K, committed 8192K, reserved 1048576K
}

