# JRE version: OpenJDK Runtime Environment (17.0.1+12) (build 17.0.1+12-39)
# Java VM: OpenJDK 64-Bit Server VM (17.0.1+12-39, mixed mode, sharing, tiered, compressed oops, compressed class ptrs, g1 gc, windows-amd64)
GC Precious Log:
 CPUs: 4 total, 4 available
 Memory: 3818M
 Large Page Support: Disabled
 NUMA Support: Disabled
 Compressed Oops: Enabled (32-bit)
 Heap Region Size: 1M
 Heap Min Capacity: 8M
 Heap Initial Capacity: 60M
 Heap Max Capacity: 956M
 Pre-touch: Disabled
 Parallel Workers: 4
 Concurrent Workers: 1
 Concurrent Refinement Workers: 4
 Periodic GC: Disabled
Heap:
 garbage-first heap   total 61440K, used 38726K [0x00000000c4400000, 0x0000000100000000)
  region size 1024K, 32 young (32768K), 3 survivors (3072K)
 Metaspace       used 19443K, committed 19712K, reserved 1073152K
  class space    used 2440K, committed 2560K, reserved 1048576K
GC Heap History (12 events):
Event: 1.338 GC heap before
{Heap before GC invocations=0 (full 0):
 garbage-first heap   total 61440K, used 13312K [0x00000000c4400000, 0x0000000100000000)
  region size 1024K, 13 young (13312K), 0 survivors (0K)
 Metaspace       used 2454K, committed 2560K, reserved 1056768K
  class space    used 227K, committed 256K, reserved 1048576K
}
Event: 1.390 GC heap after
{Heap after GC invocations=1 (full 0):
 garbage-first heap   total 61440K, used 6880K [0x00000000c4400000, 0x0000000100000000)
  region size 1024K, 2 young (2048K), 2 survivors (2048K)
 Metaspace       used 2454K, committed 2560K, reserved 1056768K
  class space    used 227K, committed 256K, reserved 1048576K
}
Event: 2.077 GC heap before
{Heap before GC invocations=1 (full 0):
 garbage-first heap   total 61440K, used 15072K [0x00000000c4400000, 0x0000000100000000)
  region size 1024K, 10 young (10240K), 2 survivors (2048K)
 Metaspace       used 4489K, committed 4672K, reserved 1056768K
  class space    used 476K, committed 576K, reserved 1048576K
}
Event: 2.081 GC heap after
{Heap after GC invocations=2 (full 0):
 garbage-first heap   total 61440K, used 7450K [0x00000000c4400000, 0x0000000100000000)
  region size 1024K, 1 young (1024K), 1 survivors (1024K)
 Metaspace       used 4489K, committed 4672K, reserved 1056768K
  class space    used 476K, committed 576K, reserved 1048576K
}
Event: 2.121 GC heap before
{Heap before GC invocations=2 (full 0):
 garbage-first heap   total 61440K, used 25882K [0x00000000c4400000, 0x0000000100000000)
  region size 1024K, 20 young (20480K), 1 survivors (1024K)
 Metaspace       used 4496K, committed 4672K, reserved 1056768K
  class space    used 476K, committed 576K, reserved 1048576K
}
Event: 2.122 GC heap after
{Heap after GC invocations=3 (full 0):
 garbage-first heap   total 61440K, used 7527K [0x00000000c4400000, 0x0000000100000000)
  region size 1024K, 1 young (1024K), 1 survivors (1024K)
 Metaspace       used 4496K, committed 4672K, reserved 1056768K
  class space    used 476K, committed 576K, reserved 1048576K
}
Event: 2.864 GC heap before
{Heap before GC invocations=3 (full 0):
 garbage-first heap   total 61440K, used 37223K [0x00000000c4400000, 0x0000000100000000)
  region size 1024K, 31 young (31744K), 1 survivors (1024K)
 Metaspace       used 6992K, committed 7104K, reserved 1056768K
  class space    used 835K, committed 896K, reserved 1048576K
}
Event: 2.866 GC heap after
{Heap after GC invocations=4 (full 0):
 garbage-first heap   total 61440K, used 8221K [0x00000000c4400000, 0x0000000100000000)
  region size 1024K, 2 young (2048K), 2 survivors (2048K)
 Metaspace       used 6992K, committed 7104K, reserved 1056768K
  class space    used 835K, committed 896K, reserved 1048576K
}
Event: 4.736 GC heap before
{Heap before GC invocations=4 (full 0):
 garbage-first heap   total 61440K, used 42013K [0x00000000c4400000, 0x0000000100000000)
  region size 1024K, 36 young (36864K), 2 survivors (2048K)
 Metaspace       used 14803K, committed 15040K, reserved 1064960K
  class space    used 1911K, committed 2048K, reserved 1048576K
}
Event: 4.742 GC heap after
{Heap after GC invocations=5 (full 0):
 garbage-first heap   total 61440K, used 10691K [0x00000000c4400000, 0x0000000100000000)
  region size 1024K, 4 young (4096K), 4 survivors (4096K)
 Metaspace       used 14803K, committed 15040K, reserved 1064960K
  class space    used 1911K, committed 2048K, reserved 1048576K
}
Event: 4.782 GC heap before
{Heap before GC invocations=5 (full 0):
 garbage-first heap   total 61440K, used 42435K [0x00000000c4400000, 0x0000000100000000)
  region size 1024K, 36 young (36864K), 4 survivors (4096K)
 Metaspace       used 15604K, committed 15872K, reserved 1064960K
  class space    used 1986K, committed 2112K, reserved 1048576K
}
Event: 4.786 GC heap after
{Heap after GC invocations=6 (full 0):
 garbage-first heap   total 61440K, used 11078K [0x00000000c4400000, 0x0000000100000000)
  region size 1024K, 3 young (3072K), 3 survivors (3072K)
 Metaspace       used 15604K, committed 15872K, reserved 1064960K
  class space    used 1986K, committed 2112K, reserved 1048576K
}

